2016-10-06 13:50:37,556 [Worker-5] INFO  o.e.m.c.i.l.LifecycleMappingFactory - Using org.eclipse.m2e.jdt.JarLifecycleMapping lifecycle mapping for MavenProject: com.example:ManufacturerCircuitBreaker:0.0.1-SNAPSHOT @ D:\Git\spring-boot\ManufacturerCircuitBreaker\pom.xml.
2016-10-06 13:50:37,895 [Worker-5] WARN  o.e.m.c.i.embedder.EclipseLogger - The POM for org.crashub:crash.shell:jar:1.3.2 is invalid, transitive dependencies (if any) will not be available, enable debug logging for more details
2016-10-06 13:50:38,015 [Worker-5] INFO  o.e.m.c.i.l.LifecycleMappingFactory - Using org.eclipse.m2e.jdt.JarLifecycleMapping lifecycle mapping for MavenProject: com.example:ManufacturerMS:0.0.1-SNAPSHOT @ D:\Git\spring-boot\ManufacturerMS\pom.xml.
2016-10-06 13:50:38,084 [Worker-5] INFO  o.e.m.c.i.l.LifecycleMappingFactory - Using org.eclipse.m2e.jdt.JarLifecycleMapping lifecycle mapping for MavenProject: com.example:ManufacturerMSConsumer:0.0.1-SNAPSHOT @ D:\Git\spring-boot\ManufacturerMSConsumer\pom.xml.
2016-10-06 13:50:38,142 [Worker-5] INFO  o.e.m.c.i.l.LifecycleMappingFactory - Using org.eclipse.m2e.jdt.JarLifecycleMapping lifecycle mapping for MavenProject: com.example:ManufacturerMSFeignClient:0.0.1-SNAPSHOT @ D:\Git\spring-boot\ManufacturerMSFeignClient\pom.xml.
2016-10-06 13:50:38,232 [Worker-5] INFO  o.e.m.c.i.l.LifecycleMappingFactory - Using org.eclipse.m2e.jdt.JarLifecycleMapping lifecycle mapping for MavenProject: com.example:ManufacturerMSLB:0.0.1-SNAPSHOT @ D:\Git\spring-boot\ManufacturerMSLB\pom.xml.
2016-10-06 13:50:38,323 [Worker-5] INFO  o.e.m.c.i.l.LifecycleMappingFactory - Using org.eclipse.m2e.jdt.JarLifecycleMapping lifecycle mapping for MavenProject: com.example:ManufacturerRabbitMq:0.0.1-SNAPSHOT @ D:\Git\spring-boot\ManufacturerRabbitMq\pom.xml.
2016-10-06 13:50:38,407 [Worker-5] INFO  o.e.m.c.i.l.LifecycleMappingFactory - Using org.eclipse.m2e.jdt.JarLifecycleMapping lifecycle mapping for MavenProject: com.example:springdatarest:0.0.1-SNAPSHOT @ D:\Git\spring-boot\SpringBootH2\pom.xml.
2016-10-06 13:50:38,508 [Worker-5] INFO  o.e.m.c.i.l.LifecycleMappingFactory - Using org.eclipse.m2e.jdt.JarLifecycleMapping lifecycle mapping for MavenProject: com.example:springcloudconfigserver:0.0.1-SNAPSHOT @ D:\Git\spring-boot\springcloudconfigserver\pom.xml.
2016-10-06 13:50:38,660 [Worker-5] INFO  o.e.m.c.i.l.LifecycleMappingFactory - Using org.eclipse.m2e.jdt.JarLifecycleMapping lifecycle mapping for MavenProject: com.example:springdatarest:0.0.1-SNAPSHOT @ D:\Git\spring-boot\SpringDataRest\pom.xml.
2016-10-06 13:50:38,729 [Worker-5] INFO  o.e.m.c.i.l.LifecycleMappingFactory - Using org.eclipse.m2e.jdt.JarLifecycleMapping lifecycle mapping for MavenProject: com.example:TurbineDashBoard:0.0.1-SNAPSHOT @ D:\Git\spring-boot\TurbineDashBoard\pom.xml.
2016-10-06 13:50:40,308 [Worker-5] INFO  o.e.m.j.i.AbstractJavaProjectConfigurator - Adding source folder /ManufacturerMSConsumer/src/main/java
2016-10-06 13:50:40,308 [Worker-5] INFO  o.e.m.j.i.AbstractJavaProjectConfigurator - Adding resource folder /ManufacturerMSConsumer/src/main/resources
2016-10-06 13:50:40,309 [Worker-5] INFO  o.e.m.j.i.AbstractJavaProjectConfigurator - Adding resource folder /ManufacturerMSConsumer/src/main/resources
2016-10-06 13:50:40,309 [Worker-5] INFO  o.e.m.j.i.AbstractJavaProjectConfigurator - Adding source folder /ManufacturerMSConsumer/src/test/java
2016-10-06 13:50:40,411 [Worker-5] INFO  o.e.m.j.i.AbstractJavaProjectConfigurator - Adding source folder /ManufacturerRabbitMq/src/main/java
2016-10-06 13:50:40,411 [Worker-5] INFO  o.e.m.j.i.AbstractJavaProjectConfigurator - Adding resource folder /ManufacturerRabbitMq/src/main/resources
2016-10-06 13:50:40,412 [Worker-5] INFO  o.e.m.j.i.AbstractJavaProjectConfigurator - Adding resource folder /ManufacturerRabbitMq/src/main/resources
2016-10-06 13:50:40,412 [Worker-5] INFO  o.e.m.j.i.AbstractJavaProjectConfigurator - Adding source folder /ManufacturerRabbitMq/src/test/java
2016-10-06 13:50:40,667 [Worker-5] INFO  o.e.m.j.i.AbstractJavaProjectConfigurator - Adding source folder /SpringDataRest/src/main/java
2016-10-06 13:50:40,667 [Worker-5] INFO  o.e.m.j.i.AbstractJavaProjectConfigurator - Adding resource folder /SpringDataRest/src/main/resources
2016-10-06 13:50:40,667 [Worker-5] INFO  o.e.m.j.i.AbstractJavaProjectConfigurator - Adding resource folder /SpringDataRest/src/main/resources
2016-10-06 13:50:40,668 [Worker-5] INFO  o.e.m.j.i.AbstractJavaProjectConfigurator - Adding source folder /SpringDataRest/src/test/java
2016-10-06 13:50:40,762 [Worker-5] INFO  o.e.m.j.i.AbstractJavaProjectConfigurator - Adding source folder /springcloudconfigserver/src/main/java
2016-10-06 13:50:40,762 [Worker-5] INFO  o.e.m.j.i.AbstractJavaProjectConfigurator - Adding resource folder /springcloudconfigserver/src/main/resources
2016-10-06 13:50:40,762 [Worker-5] INFO  o.e.m.j.i.AbstractJavaProjectConfigurator - Adding resource folder /springcloudconfigserver/src/main/resources
2016-10-06 13:50:40,763 [Worker-5] INFO  o.e.m.j.i.AbstractJavaProjectConfigurator - Adding source folder /springcloudconfigserver/src/test/java
2016-10-06 13:50:40,949 [Worker-5] INFO  o.e.m.j.i.AbstractJavaProjectConfigurator - Adding source folder /ManufacturerMSLB/src/main/java
2016-10-06 13:50:40,949 [Worker-5] INFO  o.e.m.j.i.AbstractJavaProjectConfigurator - Adding resource folder /ManufacturerMSLB/src/main/resources
2016-10-06 13:50:40,949 [Worker-5] INFO  o.e.m.j.i.AbstractJavaProjectConfigurator - Adding resource folder /ManufacturerMSLB/src/main/resources
2016-10-06 13:50:40,949 [Worker-5] INFO  o.e.m.j.i.AbstractJavaProjectConfigurator - Adding source folder /ManufacturerMSLB/src/test/java
2016-10-06 13:50:41,070 [Worker-5] INFO  o.e.m.j.i.AbstractJavaProjectConfigurator - Adding source folder /TurbineDashBoard/src/main/java
2016-10-06 13:50:41,070 [Worker-5] INFO  o.e.m.j.i.AbstractJavaProjectConfigurator - Adding resource folder /TurbineDashBoard/src/main/resources
2016-10-06 13:50:41,071 [Worker-5] INFO  o.e.m.j.i.AbstractJavaProjectConfigurator - Adding resource folder /TurbineDashBoard/src/main/resources
2016-10-06 13:50:41,071 [Worker-5] INFO  o.e.m.j.i.AbstractJavaProjectConfigurator - Adding source folder /TurbineDashBoard/src/test/java
2016-10-06 13:50:41,483 [Worker-5] INFO  o.e.m.j.i.AbstractJavaProjectConfigurator - Adding source folder /ManufacturerMSFeignClient/src/main/java
2016-10-06 13:50:41,483 [Worker-5] INFO  o.e.m.j.i.AbstractJavaProjectConfigurator - Adding resource folder /ManufacturerMSFeignClient/src/main/resources
2016-10-06 13:50:41,483 [Worker-5] INFO  o.e.m.j.i.AbstractJavaProjectConfigurator - Adding resource folder /ManufacturerMSFeignClient/src/main/resources
2016-10-06 13:50:41,484 [Worker-5] INFO  o.e.m.j.i.AbstractJavaProjectConfigurator - Adding source folder /ManufacturerMSFeignClient/src/test/java
2016-10-06 13:50:41,580 [Worker-5] INFO  o.e.m.j.i.AbstractJavaProjectConfigurator - Adding source folder /ManufacturerMS/src/main/java
2016-10-06 13:50:41,580 [Worker-5] INFO  o.e.m.j.i.AbstractJavaProjectConfigurator - Adding resource folder /ManufacturerMS/src/main/resources
2016-10-06 13:50:41,580 [Worker-5] INFO  o.e.m.j.i.AbstractJavaProjectConfigurator - Adding resource folder /ManufacturerMS/src/main/resources
2016-10-06 13:50:41,581 [Worker-5] INFO  o.e.m.j.i.AbstractJavaProjectConfigurator - Adding source folder /ManufacturerMS/src/test/java
2016-10-06 13:50:41,703 [Worker-5] INFO  o.e.m.j.i.AbstractJavaProjectConfigurator - Adding source folder /ManufacturerCircuitBreaker/src/main/java
2016-10-06 13:50:41,703 [Worker-5] INFO  o.e.m.j.i.AbstractJavaProjectConfigurator - Adding resource folder /ManufacturerCircuitBreaker/src/main/resources
2016-10-06 13:50:41,703 [Worker-5] INFO  o.e.m.j.i.AbstractJavaProjectConfigurator - Adding resource folder /ManufacturerCircuitBreaker/src/main/resources
2016-10-06 13:50:41,704 [Worker-5] INFO  o.e.m.j.i.AbstractJavaProjectConfigurator - Adding source folder /ManufacturerCircuitBreaker/src/test/java
2016-10-06 13:50:41,767 [Worker-5] INFO  o.e.m.c.i.p.ProjectConfigurationManager - Imported and configured 10 project(s) in 5 sec
2016-10-06 13:50:43,299 [Worker-4] WARN  o.e.m.c.i.embedder.EclipseLogger - The POM for org.crashub:crash.shell:jar:1.3.2 is invalid, transitive dependencies (if any) will not be available, enable debug logging for more details
2016-10-06 13:50:43,374 [Worker-4] INFO  o.e.m.c.i.embedder.EclipseLogger - Using 'UTF-8' encoding to copy filtered resources.
2016-10-06 13:50:43,376 [Worker-4] INFO  o.e.m.c.i.embedder.EclipseLogger - Copying 1 resource
2016-10-06 13:50:43,383 [Worker-4] INFO  o.e.m.c.i.embedder.EclipseLogger - Copying 1 resource
2016-10-06 13:50:43,386 [Worker-4] INFO  o.e.m.c.i.embedder.EclipseLogger - Using 'UTF-8' encoding to copy filtered resources.
2016-10-06 13:50:43,387 [Worker-4] INFO  o.e.m.c.i.embedder.EclipseLogger - skip non existing resourceDirectory D:\Git\spring-boot\ManufacturerCircuitBreaker\src\test\resources
2016-10-06 13:50:44,200 [Worker-4] WARN  o.e.m.c.i.embedder.EclipseLogger - The POM for org.crashub:crash.shell:jar:1.3.2 is invalid, transitive dependencies (if any) will not be available, enable debug logging for more details
2016-10-06 13:50:44,234 [Worker-4] INFO  o.e.m.c.i.embedder.EclipseLogger - Using 'UTF-8' encoding to copy filtered resources.
2016-10-06 13:50:44,234 [Worker-4] INFO  o.e.m.c.i.embedder.EclipseLogger - Copying 1 resource
2016-10-06 13:50:44,235 [Worker-4] INFO  o.e.m.c.i.embedder.EclipseLogger - Copying 1 resource
2016-10-06 13:50:44,237 [Worker-4] INFO  o.e.m.c.i.embedder.EclipseLogger - Using 'UTF-8' encoding to copy filtered resources.
2016-10-06 13:50:44,238 [Worker-4] INFO  o.e.m.c.i.embedder.EclipseLogger - skip non existing resourceDirectory D:\Git\spring-boot\ManufacturerMS\src\test\resources
2016-10-06 13:50:44,617 [Worker-4] WARN  o.e.m.c.i.embedder.EclipseLogger - The POM for org.crashub:crash.shell:jar:1.3.2 is invalid, transitive dependencies (if any) will not be available, enable debug logging for more details
2016-10-06 13:50:44,687 [Worker-4] INFO  o.e.m.c.i.embedder.EclipseLogger - Using 'UTF-8' encoding to copy filtered resources.
2016-10-06 13:50:44,687 [Worker-4] INFO  o.e.m.c.i.embedder.EclipseLogger - Copying 1 resource
2016-10-06 13:50:44,688 [Worker-4] INFO  o.e.m.c.i.embedder.EclipseLogger - Copying 1 resource
2016-10-06 13:50:44,690 [Worker-4] INFO  o.e.m.c.i.embedder.EclipseLogger - Using 'UTF-8' encoding to copy filtered resources.
2016-10-06 13:50:44,690 [Worker-4] INFO  o.e.m.c.i.embedder.EclipseLogger - skip non existing resourceDirectory D:\Git\spring-boot\ManufacturerMSConsumer\src\test\resources
2016-10-06 13:50:45,630 [Worker-4] WARN  o.e.m.c.i.embedder.EclipseLogger - The POM for org.crashub:crash.shell:jar:1.3.2 is invalid, transitive dependencies (if any) will not be available, enable debug logging for more details
2016-10-06 13:50:45,671 [Worker-4] INFO  o.e.m.c.i.embedder.EclipseLogger - Using 'UTF-8' encoding to copy filtered resources.
2016-10-06 13:50:45,671 [Worker-4] INFO  o.e.m.c.i.embedder.EclipseLogger - Copying 1 resource
2016-10-06 13:50:45,672 [Worker-4] INFO  o.e.m.c.i.embedder.EclipseLogger - Copying 1 resource
2016-10-06 13:50:45,673 [Worker-4] INFO  o.e.m.c.i.embedder.EclipseLogger - Using 'UTF-8' encoding to copy filtered resources.
2016-10-06 13:50:45,673 [Worker-4] INFO  o.e.m.c.i.embedder.EclipseLogger - skip non existing resourceDirectory D:\Git\spring-boot\ManufacturerMSFeignClient\src\test\resources
2016-10-06 13:50:46,071 [Worker-4] WARN  o.e.m.c.i.embedder.EclipseLogger - The POM for org.crashub:crash.shell:jar:1.3.2 is invalid, transitive dependencies (if any) will not be available, enable debug logging for more details
2016-10-06 13:50:46,102 [Worker-4] INFO  o.e.m.c.i.embedder.EclipseLogger - Using 'UTF-8' encoding to copy filtered resources.
2016-10-06 13:50:46,102 [Worker-4] INFO  o.e.m.c.i.embedder.EclipseLogger - Copying 1 resource
2016-10-06 13:50:46,102 [Worker-4] INFO  o.e.m.c.i.embedder.EclipseLogger - Copying 1 resource
2016-10-06 13:50:46,104 [Worker-4] INFO  o.e.m.c.i.embedder.EclipseLogger - Using 'UTF-8' encoding to copy filtered resources.
2016-10-06 13:50:46,104 [Worker-4] INFO  o.e.m.c.i.embedder.EclipseLogger - skip non existing resourceDirectory D:\Git\spring-boot\ManufacturerMSLB\src\test\resources
2016-10-06 13:50:46,604 [Worker-4] WARN  o.e.m.c.i.embedder.EclipseLogger - The POM for org.crashub:crash.shell:jar:1.3.2 is invalid, transitive dependencies (if any) will not be available, enable debug logging for more details
2016-10-06 13:50:46,643 [Worker-4] INFO  o.e.m.c.i.embedder.EclipseLogger - Using 'UTF-8' encoding to copy filtered resources.
2016-10-06 13:50:46,644 [Worker-4] INFO  o.e.m.c.i.embedder.EclipseLogger - Copying 1 resource
2016-10-06 13:50:46,644 [Worker-4] INFO  o.e.m.c.i.embedder.EclipseLogger - Copying 1 resource
2016-10-06 13:50:46,645 [Worker-4] INFO  o.e.m.c.i.embedder.EclipseLogger - Using 'UTF-8' encoding to copy filtered resources.
2016-10-06 13:50:46,645 [Worker-4] INFO  o.e.m.c.i.embedder.EclipseLogger - skip non existing resourceDirectory D:\Git\spring-boot\ManufacturerRabbitMq\src\test\resources
2016-10-06 13:50:46,930 [Worker-4] INFO  o.e.m.c.i.embedder.EclipseLogger - Using 'UTF-8' encoding to copy filtered resources.
2016-10-06 13:50:46,930 [Worker-4] INFO  o.e.m.c.i.embedder.EclipseLogger - Copying 1 resource
2016-10-06 13:50:46,931 [Worker-4] INFO  o.e.m.c.i.embedder.EclipseLogger - Copying 0 resource
2016-10-06 13:50:46,932 [Worker-4] INFO  o.e.m.c.i.embedder.EclipseLogger - Using 'UTF-8' encoding to copy filtered resources.
2016-10-06 13:50:46,932 [Worker-4] INFO  o.e.m.c.i.embedder.EclipseLogger - skip non existing resourceDirectory D:\Git\spring-boot\SpringBootH2\src\test\resources
2016-10-06 13:50:47,174 [Worker-4] INFO  o.e.m.c.i.embedder.EclipseLogger - Using 'UTF-8' encoding to copy filtered resources.
2016-10-06 13:50:47,175 [Worker-4] INFO  o.e.m.c.i.embedder.EclipseLogger - Copying 2 resources
2016-10-06 13:50:47,176 [Worker-4] INFO  o.e.m.c.i.embedder.EclipseLogger - Copying 0 resource
2016-10-06 13:50:47,179 [Worker-4] INFO  o.e.m.c.i.embedder.EclipseLogger - Using 'UTF-8' encoding to copy filtered resources.
2016-10-06 13:50:47,179 [Worker-4] INFO  o.e.m.c.i.embedder.EclipseLogger - skip non existing resourceDirectory D:\Git\spring-boot\SpringDataRest\src\test\resources
2016-10-06 13:50:47,504 [Worker-4] WARN  o.e.m.c.i.embedder.EclipseLogger - The POM for org.crashub:crash.shell:jar:1.3.2 is invalid, transitive dependencies (if any) will not be available, enable debug logging for more details
2016-10-06 13:50:47,559 [Worker-4] INFO  o.e.m.c.i.embedder.EclipseLogger - Using 'UTF-8' encoding to copy filtered resources.
2016-10-06 13:50:47,559 [Worker-4] INFO  o.e.m.c.i.embedder.EclipseLogger - Copying 1 resource
2016-10-06 13:50:47,560 [Worker-4] INFO  o.e.m.c.i.embedder.EclipseLogger - Copying 1 resource
2016-10-06 13:50:47,562 [Worker-4] INFO  o.e.m.c.i.embedder.EclipseLogger - Using 'UTF-8' encoding to copy filtered resources.
2016-10-06 13:50:47,563 [Worker-4] INFO  o.e.m.c.i.embedder.EclipseLogger - skip non existing resourceDirectory D:\Git\spring-boot\TurbineDashBoard\src\test\resources
2016-10-06 13:50:48,140 [Worker-4] INFO  o.e.m.c.i.embedder.EclipseLogger - Using 'UTF-8' encoding to copy filtered resources.
2016-10-06 13:50:48,140 [Worker-4] INFO  o.e.m.c.i.embedder.EclipseLogger - Copying 2 resources
2016-10-06 13:50:48,141 [Worker-4] INFO  o.e.m.c.i.embedder.EclipseLogger - Copying 0 resource
2016-10-06 13:50:48,142 [Worker-4] INFO  o.e.m.c.i.embedder.EclipseLogger - Using 'UTF-8' encoding to copy filtered resources.
2016-10-06 13:50:48,142 [Worker-4] INFO  o.e.m.c.i.embedder.EclipseLogger - skip non existing resourceDirectory D:\Git\spring-boot\springcloudconfigserver\src\test\resources
2016-10-06 13:54:58,691 [Worker-3] INFO  o.e.m.c.i.l.LifecycleMappingFactory - Using org.eclipse.m2e.jdt.JarLifecycleMapping lifecycle mapping for MavenProject: com.example:ManufacturerRabbitMq:0.0.1-SNAPSHOT @ D:\Git\spring-boot\ManufacturerRabbitMq\pom.xml.
2016-10-06 13:54:58,953 [Worker-3] WARN  o.e.m.c.i.embedder.EclipseLogger - The POM for org.crashub:crash.shell:jar:1.3.2 is invalid, transitive dependencies (if any) will not be available, enable debug logging for more details
2016-10-06 13:54:59,116 [Worker-3] INFO  o.e.m.c.i.embedder.EclipseLogger - Using 'UTF-8' encoding to copy filtered resources.
2016-10-06 13:54:59,118 [Worker-3] INFO  o.e.m.c.i.embedder.EclipseLogger - Copying 0 resource
2016-10-06 13:54:59,118 [Worker-3] INFO  o.e.m.c.i.embedder.EclipseLogger - Copying 0 resource
2016-10-06 13:54:59,119 [Worker-3] INFO  o.e.m.c.i.embedder.EclipseLogger - Using 'UTF-8' encoding to copy filtered resources.
2016-10-06 13:54:59,119 [Worker-3] INFO  o.e.m.c.i.embedder.EclipseLogger - skip non existing resourceDirectory D:\Git\spring-boot\ManufacturerRabbitMq\src\test\resources
2016-10-06 13:55:02,044 [Worker-4] INFO  o.e.m.c.i.l.LifecycleMappingFactory - Using org.eclipse.m2e.jdt.JarLifecycleMapping lifecycle mapping for MavenProject: com.example:ManufacturerRabbitMq:0.0.1-SNAPSHOT @ D:\Git\spring-boot\ManufacturerRabbitMq\pom.xml.
2016-10-06 13:55:02,051 [Worker-13] WARN  o.e.m.c.i.embedder.EclipseLogger - The POM for org.crashub:crash.shell:jar:1.3.2 is invalid, transitive dependencies (if any) will not be available, enable debug logging for more details
2016-10-06 13:55:02,224 [Worker-4] WARN  o.e.m.c.i.embedder.EclipseLogger - The POM for org.crashub:crash.shell:jar:1.3.2 is invalid, transitive dependencies (if any) will not be available, enable debug logging for more details
2016-10-06 13:55:02,369 [Worker-4] INFO  o.e.m.c.i.embedder.EclipseLogger - Using 'UTF-8' encoding to copy filtered resources.
2016-10-06 13:55:02,370 [Worker-4] INFO  o.e.m.c.i.embedder.EclipseLogger - Copying 1 resource
2016-10-06 13:55:02,371 [Worker-4] INFO  o.e.m.c.i.embedder.EclipseLogger - Copying 1 resource
2016-10-06 13:55:02,373 [Worker-4] INFO  o.e.m.c.i.embedder.EclipseLogger - Using 'UTF-8' encoding to copy filtered resources.
2016-10-06 13:55:02,373 [Worker-4] INFO  o.e.m.c.i.embedder.EclipseLogger - skip non existing resourceDirectory D:\Git\spring-boot\ManufacturerRabbitMq\src\test\resources
2016-10-06 13:55:28,640 [Worker-8] WARN  o.e.m.c.i.embedder.EclipseLogger - The POM for org.crashub:crash.shell:jar:1.3.2 is invalid, transitive dependencies (if any) will not be available, enable debug logging for more details
